Build started 06.09.2016 17:18:53.
     1>Project "C:\Users\Agnes\Documents\Visual Studio 2013\Projects\lab1zad1\lab1zad1\lab1zad1.vcxproj" on node 2 (Build target(s)).
     1>Link:
         C:\Program Files (x86)\Microsoft Visual Studio 12.0\VC\bin\link.exe /ERRORREPORT:PROMPT /OUT:"C:\Users\Agnes\Documents\Visual Studio 2013\Projects\lab1zad1\Debug\lab1zad1.exe" /INCREMENTAL /NOLOGO kernel32.lib user32.lib gdi32.lib winspool.lib comdlg32.lib advapi32.lib shell32.lib ole32.lib oleaut32.lib uuid.lib odbc32.lib odbccp32.lib /MANIFEST /MANIFESTUAC:"level='asInvoker' uiAccess='false'" /manifest:embed /DEBUG /PDB:"C:\Users\Agnes\Documents\Visual Studio 2013\Projects\lab1zad1\Debug\lab1zad1.pdb" /SUBSYSTEM:CONSOLE /TLBID:1 /DYNAMICBASE /NXCOMPAT /IMPLIB:"C:\Users\Agnes\Documents\Visual Studio 2013\Projects\lab1zad1\Debug\lab1zad1.lib" /MACHINE:X86 Debug\Binomial.obj
         Debug\main.obj
     1>main.obj : error LNK2019: unresolved external symbol "public: __thiscall Binomial::Binomial(void)" (??0Binomial@@QAE@XZ) referenced in function _main
     1>C:\Users\Agnes\Documents\Visual Studio 2013\Projects\lab1zad1\Debug\lab1zad1.exe : fatal error LNK1120: 1 unresolved externals
     1>Done Building Project "C:\Users\Agnes\Documents\Visual Studio 2013\Projects\lab1zad1\lab1zad1\lab1zad1.vcxproj" (Build target(s)) -- FAILED.

Build FAILED.

Time Elapsed 00:00:03.59
